[    0.000000] Linux version 4.15.0-212-generic (buildd@lcy02-amd64-083) (gcc version 7.5.0 (Ubuntu 7.5.0-3ubuntu1~18.04)) #223-Ubuntu SMP Tue May 23 13:09:22 UTC 2023 (Ubuntu 4.15.0-212.223-generic 4.15.18)
[    0.000000] Command line: BOOT_IMAGE=/boot/vmlinuz-4.15.0-212-generic root=LABEL=cloudimg-rootfs ro console=tty1 console=ttyS0
[    0.000000] KERNEL supported cpus:
[    0.000000]   Intel GenuineIntel
[    0.000000]   AMD AuthenticAMD
[    0.000000]   Centaur CentaurHauls
[    0.000000] x86/fpu: Supporting XSAVE feature 0x001: 'x87 floating point registers'
[    0.000000] x86/fpu: Supporting XSAVE feature 0x002: 'SSE registers'
[    0.000000] x86/fpu: Supporting XSAVE feature 0x004: 'AVX registers'
[    0.000000] x86/fpu: xstate_offset[2]:  576, xstate_sizes[2]:  256
[    0.000000] x86/fpu: Enabled xstate features 0x7, context size is 832 bytes, using 'standard' format.
[    0.000000] e820: BIOS-provided physical RAM map:
[    0.000000] BIOS-e820: [mem 0x0000000000000000-0x000000000009fbff] usable
[    0.000000] BIOS-e820: [mem 0x000000000009fc00-0x000000000009ffff] reserved
[    0.000000] BIOS-e820: [mem 0x00000000000f0000-0x00000000000fffff] reserved
[    0.000000] BIOS-e820: [mem 0x0000000000100000-0x000000001ffeffff] usable
[    0.000000] BIOS-e820: [mem 0x000000001fff0000-0x000000001fffffff] ACPI data
[    0.000000] BIOS-e820: [mem 0x00000000fec00000-0x00000000fec00fff] reserved
[    0.000000] BIOS-e820: [mem 0x00000000fee00000-0x00000000fee00fff] reserved
[    0.000000] BIOS-e820: [mem 0x00000000fffc0000-0x00000000ffffffff] reserved
[    0.000000] NX (Execute Disable) protection: active
[    0.000000] SMBIOS 2.5 present.
[    0.000000] DMI: innotek GmbH VirtualBox/VirtualBox, BIOS VirtualBox 12/01/2006
[    0.000000] Hypervisor detected: KVM
[    0.000000] e820: last_pfn = 0x1fff0 max_arch_pfn = 0x400000000
[    0.000000] MTRR: Disabled
[    0.000000] x86/PAT: MTRRs disabled, skipping PAT initialization too.
[    0.000000] CPU MTRRs all blank - virtualized system.
[    0.000000] x86/PAT: Configuration [0-7]: WB  WT  UC- UC  WB  WT  UC- UC  
[    0.000000] found SMP MP-table at [mem 0x0009fff0-0x0009ffff]
[    0.000000] Scanning 1 areas for low memory corruption
[    0.000000] RAMDISK: [mem 0x1db01000-0x1ee12fff]
[    0.000000] ACPI: Early table checksum verification disabled
[    0.000000] ACPI: RSDP 0x00000000000E0000 000024 (v02 VBOX  )
[    0.000000] ACPI: XSDT 0x000000001FFF0030 00003C (v01 VBOX   VBOXXSDT 00000001 ASL  00000061)
[    0.000000] ACPI: FACP 0x000000001FFF00F0 0000F4 (v04 VBOX   VBOXFACP 00000001 ASL  00000061)
[    0.000000] ACPI: DSDT 0x000000001FFF0610 002353 (v02 VBOX   VBOXBIOS 00000002 INTL 20210930)
[    0.000000] ACPI: FACS 0x000000001FFF0200 000040
[    0.000000] ACPI: FACS 0x000000001FFF0200 000040
[    0.000000] ACPI: APIC 0x000000001FFF0240 000054 (v02 VBOX   VBOXAPIC 00000001 ASL  00000061)
[    0.000000] ACPI: SSDT 0x000000001FFF02A0 00036C (v01 VBOX   VBOXCPUT 00000002 INTL 20210930)
[    0.000000] ACPI: Reserving FACP table memory at [mem 0x1fff00f0-0x1fff01e3]
[    0.000000] ACPI: Reserving DSDT table memory at [mem 0x1fff0610-0x1fff2962]
[    0.000000] ACPI: Reserving FACS table memory at [mem 0x1fff0200-0x1fff023f]
[    0.000000] ACPI: Reserving FACS table memory at [mem 0x1fff0200-0x1fff023f]
[    0.000000] ACPI: Reserving APIC table memory at [mem 0x1fff0240-0x1fff0293]
[    0.000000] ACPI: Reserving SSDT table memory at [mem 0x1fff02a0-0x1fff060b]
[    0.000000] No NUMA configuration found
[    0.000000] Faking a node at [mem 0x0000000000000000-0x000000001ffeffff]
[    0.000000] NODE_DATA(0) allocated [mem 0x1ffc5000-0x1ffeffff]
[    0.000000] kvm-clock: cpu 0, msr 0:1ff44001, primary cpu clock
[    0.000000] kvm-clock: Using msrs 4b564d01 and 4b564d00
[    0.000000] kvm-clock: using sched offset of 4917705592 cycles
[    0.000000] clocksource: kvm-clock: mask: 0xffffffffffffffff max_cycles: 0x1cd42e4dffb, max_idle_ns: 881590591483 ns
[    0.000000] Zone ranges:
[    0.000000]   DMA      [mem 0x0000000000001000-0x0000000000ffffff]
[    0.000000]   DMA32    [mem 0x0000000001000000-0x000000001ffeffff]
[    0.000000]   Normal   empty
[    0.000000]   Device   empty
[    0.000000] Movable zone start for each node
[    0.000000] Early memory node ranges
[    0.000000]   node   0: [mem 0x0000000000001000-0x000000000009efff]
[    0.000000]   node   0: [mem 0x0000000000100000-0x000000001ffeffff]
[    0.000000] Reserved but unavailable: 104 pages
[    0.000000] Initmem setup node 0 [mem 0x0000000000001000-0x000000001ffeffff]
[    0.000000] ACPI: PM-Timer IO Port: 0x4008
[    0.000000] IOAPIC[0]: apic_id 1, version 32, address 0xfec00000, GSI 0-23
[    0.000000] ACPI: INT_SRC_OVR (bus 0 bus_irq 0 global_irq 2 dfl dfl)
[    0.000000] ACPI: INT_SRC_OVR (bus 0 bus_irq 9 global_irq 9 low level)
[    0.000000] Using ACPI (MADT) for SMP configuration information
[    0.000000] smpboot: Allowing 1 CPUs, 0 hotplug CPUs
[    0.000000] PM: Registered nosave memory: [mem 0x00000000-0x00000fff]
[    0.000000] PM: Registered nosave memory: [mem 0x0009f000-0x0009ffff]
[    0.000000] PM: Registered nosave memory: [mem 0x000a0000-0x000effff]
[    0.000000] PM: Registered nosave memory: [mem 0x000f0000-0x000fffff]
[    0.000000] e820: [mem 0x20000000-0xfebfffff] available for PCI devices
[    0.000000] Booting paravirtualized kernel on KVM
[    0.000000] clocksource: refined-jiffies: mask: 0xffffffff max_cycles: 0xffffffff, max_idle_ns: 7645519600211568 ns
[    0.000000] setup_percpu: NR_CPUS:8192 nr_cpumask_bits:1 nr_cpu_ids:1 nr_node_ids:1
[    0.000000] percpu: Embedded 50 pages/cpu s167936 r8192 d28672 u2097152
[    0.000000] PV qspinlock hash table entries: 256 (order: 0, 4096 bytes)
[    0.000000] Built 1 zonelists, mobility grouping on.  Total pages: 128889
[    0.000000] Policy zone: DMA32
[    0.000000] Kernel command line: BOOT_IMAGE=/boot/vmlinuz-4.15.0-212-generic root=LABEL=cloudimg-rootfs ro console=tty1 console=ttyS0
[    0.000000] Memory: 466748K/523832K available (12300K kernel code, 2477K rwdata, 4324K rodata, 2480K init, 2720K bss, 57084K reserved, 0K cma-reserved)
[    0.000000] SLUB: HWalign=64, Order=0-3, MinObjects=0, CPUs=1, Nodes=1
[    0.000000] Kernel/User page tables isolation: enabled
[    0.000000] ftrace: allocating 39508 entries in 155 pages
[    0.004000] Hierarchical RCU implementation.
[    0.004000] 	RCU restricting CPUs from NR_CPUS=8192 to nr_cpu_ids=1.
[    0.004000] 	Tasks RCU enabled.
[    0.004000] RCU: Adjusting geometry for rcu_fanout_leaf=16, nr_cpu_ids=1
[    0.004000] NR_IRQS: 524544, nr_irqs: 256, preallocated irqs: 16
[    0.004000] random: crng init done
[    0.004000] Console: colour VGA+ 80x25
[    0.004000] console [tty1] enabled
[    0.004000] console [ttyS0] enabled
[    0.004000] ACPI: Core revision 20170831
[    0.004000] ACPI: 2 ACPI AML tables successfully acquired and loaded
[    0.004000] APIC: Switch to symmetric I/O mode setup
[    0.004000] x2apic enabled
[    0.004023] Switched APIC routing to physical x2apic.
[    0.008000] ..TIMER: vector=0x30 apic1=0 pin1=2 apic2=-1 pin2=-1
[    0.008007] tsc: Detected 2801.072 MHz processor
[    0.012012] Calibrating delay loop (skipped) preset value.. 5602.14 BogoMIPS (lpj=11204288)
[    0.016000] pid_max: default: 32768 minimum: 301
[    0.016043] Security Framework initialized
[    0.019665] Yama: becoming mindful.
[    0.020000] AppArmor: AppArmor initialized
[    0.020098] Dentry cache hash table entries: 65536 (order: 7, 524288 bytes)
[    0.024048] Inode-cache hash table entries: 32768 (order: 6, 262144 bytes)
[    0.028000] Mount-cache hash table entries: 1024 (order: 1, 8192 bytes)
[    0.028012] Mountpoint-cache hash table entries: 1024 (order: 1, 8192 bytes)
[    0.032000] process: using mwait in idle threads
[    0.032036] Last level iTLB entries: 4KB 64, 2MB 8, 4MB 8
[    0.035484] Last level dTLB entries: 4KB 64, 2MB 0, 4MB 0, 1GB 4
[    0.036000] Spectre V1 : Mitigation: usercopy/swapgs barriers and __user pointer sanitization
[    0.036006] Spectre V2 : Mitigation: Retpolines
[    0.039322] Spectre V2 : Spectre v2 / SpectreRSB mitigation: Filling RSB on context switch
[    0.040003] Spectre V2 : Spectre v2 / SpectreRSB : Filling RSB on VMEXIT
[    0.044000] RETBleed: WARNING: Spectre v2 mitigation leaves CPU vulnerable to RETBleed attacks, data leaks possible!
[    0.044006] RETBleed: Vulnerable
[    0.048002] Speculative Store Bypass: Vulnerable
[    0.051070] MDS: Mitigation: Clear CPU buffers
[    0.052000] MMIO Stale Data: Mitigation: Clear CPU buffers
[    0.052026] SRBDS: Unknown: Dependent on hypervisor status
[    0.060000] Freeing SMP alternatives memory: 36K
[    0.172005] APIC calibration not consistent with PM-Timer: 184ms instead of 100ms
[    0.176000] APIC delta adjusted to PM-Timer: 6372159 (11750669)
[    0.176000] smpboot: CPU0: Intel(R) Core(TM) i7-7700HQ CPU @ 2.80GHz (family: 0x6, model: 0x9e, stepping: 0x9)
[    0.176000] Performance Events: unsupported p6 CPU model 158 no PMU driver, software events only.
[    0.176076] Hierarchical SRCU implementation.
[    0.179901] NMI watchdog: Perf event create on CPU 0 failed with -2
[    0.180006] NMI watchdog: Perf NMI watchdog permanently disabled
[    0.183853] smp: Bringing up secondary CPUs ...
[    0.184000] smp: Brought up 1 node, 1 CPU
[    0.184006] smpboot: Max logical packages: 1
[    0.187812] smpboot: Total of 1 processors activated (5602.14 BogoMIPS)
[    0.188131] devtmpfs: initialized
[    0.190784] x86/mm: Memory block size: 128MB
[    0.192000] evm: security.selinux
[    0.192009] evm: security.SMACK64
[    0.195047] evm: security.SMACK64EXEC
[    0.196000] evm: security.SMACK64TRANSMUTE
[    0.196011] evm: security.SMACK64MMAP
[    0.199490] evm: security.apparmor
[    0.200000] evm: security.ima
[    0.200010] evm: security.capability
[    0.204000] clocksource: jiffies: mask: 0xffffffff max_cycles: 0xffffffff, max_idle_ns: 7645041785100000 ns
[    0.204024] futex hash table entries: 256 (order: 2, 16384 bytes)
[    0.208066] pinctrl core: initialized pinctrl subsystem
[    0.212214] RTC time:  7:36:44, date: 03/03/24
[    0.216120] NET: Registered protocol family 16
[    0.219628] audit: initializing netlink subsys (disabled)
[    0.220000] audit: type=2000 audit(1709451410.796:1): state=initialized audit_enabled=0 res=1
[    0.220168] cpuidle: using governor ladder
[    0.224014] cpuidle: using governor menu
[    0.228000] ACPI: bus type PCI registered
[    0.228000] acpiphp: ACPI Hot Plug PCI Controller Driver version: 0.5
[    0.228000] PCI: Using configuration type 1 for base access
[    0.229801] HugeTLB registered 2.00 MiB page size, pre-allocated 0 pages
[    0.232496] ACPI: Added _OSI(Module Device)
[    0.236000] ACPI: Added _OSI(Processor Device)
[    0.236017] ACPI: Added _OSI(3.0 _SCP Extensions)
[    0.240012] ACPI: Added _OSI(Processor Aggregator Device)
[    0.244000] ACPI: Added _OSI(Linux-Dell-Video)
[    0.244040] ACPI: Added _OSI(Linux-Lenovo-NV-HDMI-Audio)
[    0.248000] ACPI: Added _OSI(Linux-HPI-Hybrid-Graphics)
[    0.248942] ACPI: Executed 1 blocks of module-level executable AML code
[    0.256000] ACPI: Interpreter enabled
[    0.256000] ACPI: (supports S0 S5)
[    0.256012] ACPI: Using IOAPIC for interrupt routing
[    0.260000] PCI: Using host bridge windows from ACPI; if necessary, use "pci=nocrs" and report a bug
[    0.260424] ACPI: Enabled 2 GPEs in block 00 to 07
[    0.276000] ACPI: PCI Root Bridge [PCI0] (domain 0000 [bus 00-ff])
[    0.276026] acpi PNP0A03:00: _OSC: OS supports [ASPM ClockPM Segments MSI]
[    0.282255] acpi PNP0A03:00: _OSC: not requesting OS control; OS requires [ExtendedConfig ASPM ClockPM MSI]
[    0.284045] acpi PNP0A03:00: fail to add MMCONFIG information, can't access extended PCI configuration space under this bridge.
[    0.289295] PCI host bridge to bus 0000:00
[    0.292011] pci_bus 0000:00: root bus resource [io  0x0000-0x0cf7 window]
[    0.296014] pci_bus 0000:00: root bus resource [io  0x0d00-0xffff window]
[    0.300012] pci_bus 0000:00: root bus resource [mem 0x000a0000-0x000bffff window]
[    0.304000] pci_bus 0000:00: root bus resource [mem 0x20000000-0xfdffffff window]
[    0.304011] pci_bus 0000:00: root bus resource [bus 00-ff]
[    0.313791] pci 0000:00:01.1: legacy IDE quirk: reg 0x10: [io  0x01f0-0x01f7]
[    0.316000] pci 0000:00:01.1: legacy IDE quirk: reg 0x14: [io  0x03f6]
[    0.316011] pci 0000:00:01.1: legacy IDE quirk: reg 0x18: [io  0x0170-0x0177]
[    0.320000] pci 0000:00:01.1: legacy IDE quirk: reg 0x1c: [io  0x0376]
[    0.353275] pci 0000:00:07.0: quirk: [io  0x4000-0x403f] claimed by PIIX4 ACPI
[    0.356000] pci 0000:00:07.0: quirk: [io  0x4100-0x410f] claimed by PIIX4 SMB
[    0.364000] ACPI: PCI Interrupt Link [LNKA] (IRQs 5 9 10 *11)
[    0.364566] ACPI: PCI Interrupt Link [LNKB] (IRQs 5 9 *10 11)
[    0.368000] ACPI: PCI Interrupt Link [LNKC] (IRQs 5 *9 10 11)
[    0.368000] ACPI: PCI Interrupt Link [LNKD] (IRQs 5 9 10 *11)
[    0.368351] SCSI subsystem initialized
[    0.371530] pci 0000:00:02.0: vgaarb: setting as boot VGA device
[    0.372000] pci 0000:00:02.0: vgaarb: VGA device added: decodes=io+mem,owns=io+mem,locks=none
[    0.372009] pci 0000:00:02.0: vgaarb: bridge control possible
[    0.376006] vgaarb: loaded
[    0.378124] ACPI: bus type USB registered
[    0.380000] usbcore: registered new interface driver usbfs
[    0.380031] usbcore: registered new interface driver hub
[    0.384000] usbcore: registered new device driver usb
[    0.384000] EDAC MC: Ver: 3.0.0
[    0.384785] PCI: Using ACPI for IRQ routing
[    0.388000] NetLabel: Initializing
[    0.388000] NetLabel:  domain hash size = 128
[    0.388005] NetLabel:  protocols = UNLABELED CIPSOv4 CALIPSO
[    0.391727] NetLabel:  unlabeled traffic allowed by default
[    0.392000] clocksource: Switched to clocksource kvm-clock
[    0.419336] VFS: Disk quotas dquot_6.6.0
[    0.422953] VFS: Dquot-cache hash table entries: 512 (order 0, 4096 bytes)
[    0.431067] AppArmor: AppArmor Filesystem Enabled
[    0.434406] pnp: PnP ACPI init
[    0.439014] pnp: PnP ACPI: found 3 devices
[    0.449988] clocksource: acpi_pm: mask: 0xffffff max_cycles: 0xffffff, max_idle_ns: 2085701024 ns
[    0.452577] NET: Registered protocol family 2
[    0.462017] IP idents hash table entries: 8192 (order: 4, 65536 bytes)
[    0.471070] TCP established hash table entries: 4096 (order: 3, 32768 bytes)
[    0.474783] TCP bind hash table entries: 4096 (order: 4, 65536 bytes)
[    0.480295] TCP: Hash tables configured (established 4096 bind 4096)
[    0.484162] UDP hash table entries: 256 (order: 1, 8192 bytes)
[    0.484162] UDP-Lite hash table entries: 256 (order: 1, 8192 bytes)
[    0.493306] NET: Registered protocol family 1
[    0.496112] pci 0000:00:00.0: Limiting direct PCI/PCI transfers
[    0.500623] pci 0000:00:01.0: Activating ISA DMA hang workarounds
[    0.504533] pci 0000:00:02.0: Video device with shadowed ROM at [mem 0x000c0000-0x000dffff]
[    0.513339] Unpacking initramfs...
[    0.894211] Freeing initrd memory: 19528K
[    0.903539] clocksource: tsc: mask: 0xffffffffffffffff max_cycles: 0x28603567a12, max_idle_ns: 440795306419 ns
[    0.913052] platform rtc_cmos: registered platform RTC device (no PNP device found)
[    0.916931] Scanning for low memory corruption every 60 seconds
[    0.926244] Initialise system trusted keyrings
[    0.929110] Key type blacklist registered
[    0.931810] workingset: timestamp_bits=36 max_order=17 bucket_order=0
[    0.935737] zbud: loaded
[    0.940445] squashfs: version 4.0 (2009/01/31) Phillip Lougher
[    0.943749] fuse init (API version 7.26)
[    0.943749] Key type asymmetric registered
[    0.951459] Asymmetric key parser 'x509' registered
[    0.955393] Block layer SCSI generic (bsg) driver version 0.4 loaded (major 246)
[    0.961251] io scheduler noop registered
[    0.964346] io scheduler deadline registered
[    0.965181] io scheduler cfq registered (default)
[    0.971475] ACPI: AC Adapter [AC] (on-line)
[    0.974282] input: Power Button as /devices/LNXSYSTM:00/LNXPWRBN:00/input/input0
[    0.974783] ACPI: Power Button [PWRF]
[    0.981477] input: Sleep Button as /devices/LNXSYSTM:00/LNXSLPBN:00/input/input1
[    0.985337] ACPI: Sleep Button [SLPF]
[    0.990729] Serial: 8250/16550 driver, 32 ports, IRQ sharing enabled
[    1.030572] ACPI: Battery Slot [BAT0] (battery present)
[    1.032325] 00:02: ttyS0 at I/O 0x3f8 (irq = 4, base_baud = 115200) is a 16550A
[    1.042221] Linux agpgart interface v0.103
[    1.044211] loop: module loaded
[    1.044211] scsi host0: ata_piix
[    1.053415] scsi host1: ata_piix
[    1.057260] ata1: PATA max UDMA/33 cmd 0x1f0 ctl 0x3f6 bmdma 0xd000 irq 14
[    1.062626] ata2: PATA max UDMA/33 cmd 0x170 ctl 0x376 bmdma 0xd008 irq 15
[    1.066599] tun: Universal TUN/TAP device driver, 1.6
[    1.073491] PPP generic driver version 2.4.2
[    1.076281] ehci_hcd: USB 2.0 'Enhanced' Host Controller (EHCI) Driver
[    1.077397] ehci-pci: EHCI PCI platform driver
[    1.083262] ehci-platform: EHCI generic platform driver
[    1.087193] ohci_hcd: USB 1.1 'Open' Host Controller (OHCI) Driver
[    1.091974] ohci-pci: OHCI PCI platform driver
[    1.095134] ohci-platform: OHCI generic platform driver
[    1.095889] uhci_hcd: USB Universal Host Controller Interface driver
[    1.103280] i8042: PNP: PS/2 Controller [PNP0303:PS2K,PNP0f03:PS2M] at 0x60,0x64 irq 1,12
[    1.112201] serio: i8042 KBD port at 0x60,0x64 irq 1
[    1.115835] serio: i8042 AUX port at 0x60,0x64 irq 12
[    1.116180] mousedev: PS/2 mouse device common for all mice
[    1.125324] input: AT Translated Set 2 keyboard as /devices/platform/i8042/serio0/input/input2
[    1.133714] rtc_cmos rtc_cmos: rtc core: registered rtc_cmos as rtc0
[    1.139862] rtc_cmos rtc_cmos: alarms up to one day, 114 bytes nvram
[    1.144728] i2c /dev entries driver
[    1.147339] device-mapper: uevent: version 1.0.3
[    1.151698] device-mapper: ioctl: 4.37.0-ioctl (2017-09-20) initialised: dm-devel@redhat.com
[    1.155560] ledtrig-cpu: registered to indicate activity on CPUs
[    1.163910] intel_pmc_core:  initialized
[    1.167278] NET: Registered protocol family 10
[    1.175316] Segment Routing with IPv6
[    1.181035] NET: Registered protocol family 17
[    1.184260] Key type dns_resolver registered
[    1.184963] mce: Using 0 MCE banks
[    1.184963] RAS: Correctable Errors collector initialized.
[    1.194869] sched_clock: Marking stable (1194795627, 0)->(2178367447, -983571820)
[    1.200500] registered taskstats version 1
[    1.203856] Loading compiled-in X.509 certificates
[    1.210581] Loaded X.509 cert 'Build time autogenerated kernel key: b5b26778eaa3ab3a4a6cee031137706e947d12ad'
[    1.219316] Loaded X.509 cert 'Canonical Ltd. Live Patch Signing: 14df34d1a87cf37625abec039ef2bf521249b969'
[    1.289691] Loaded X.509 cert 'Canonical Ltd. Kernel Module Signing: 88f752e560a1e0737e31163a466ad7b70a850c19'
[    1.296871] blacklist: Loading compiled-in revocation X.509 certificates
[    1.301787] Loaded X.509 cert 'Canonical Ltd. Secure Boot Signing: 61482aa2830d0ab2ad5af10b7250da9033ddcef0'
[    1.308156] Loaded X.509 cert 'Canonical Ltd. Secure Boot Signing (2017): 242ade75ac4a15e50d50c84b0d45ff3eae707a03'
[    1.316873] Loaded X.509 cert 'Canonical Ltd. Secure Boot Signing (ESM 2018): 365188c1d374d6b07c3c8f240f8ef722433d6a8b'
[    1.324344] Loaded X.509 cert 'Canonical Ltd. Secure Boot Signing (2019): c0746fd6c5da3ae827864651ad66ae47fe24b3e8'
[    1.330662] Loaded X.509 cert 'Canonical Ltd. Secure Boot Signing (2021 v1): a8d54bbb3825cfb94fa13c9f8a594a195c107b8d'
[    1.337795] Loaded X.509 cert 'Canonical Ltd. Secure Boot Signing (2021 v2): 4cf046892d6fd3c9a5b03f98d845f90851dc6a8c'
[    1.345350] Loaded X.509 cert 'Canonical Ltd. Secure Boot Signing (2021 v3): 100437bb6de6e469b581e61cd66bce3ef4ed53af'
[    1.352727] Loaded X.509 cert 'Canonical Ltd. Secure Boot Signing (Ubuntu Core 2019): c1d57b8f6b743f23ee41f4f7ee292f06eecadfb9'
[    1.361812] zswap: loaded using pool lzo/zbud
[    1.368704] Key type big_key registered
[    1.371796] Key type trusted registered
[    1.376566] Key type encrypted registered
[    1.379172] AppArmor: AppArmor sha1 policy hashing enabled
[    1.383253] ima: No TPM chip found, activating TPM-bypass! (rc=-19)
[    1.387600] ima: Allocated hash algorithm: sha1
[    1.390675] evm: HMAC attrs: 0x1
[    1.394187]   Magic number: 0:527:621
[    1.397050]   hash matches /build/linux-Oi1dQn/linux-4.15.0/drivers/base/power/main.c:753
[    1.404326] rtc_cmos rtc_cmos: setting system clock to 2024-03-03 07:36:46 UTC (1709451406)
[    1.411607] BIOS EDD facility v0.16 2004-Jun-25, 0 devices found
[    1.416488] EDD information not available.
[    1.422759] Freeing unused kernel image memory: 2480K
[    1.433056] Write protecting the kernel read-only data: 20480k
[    1.437225] Freeing unused kernel image memory: 2008K
[    1.442229] Freeing unused kernel image memory: 1820K
[    1.453455] x86/mm: Checked W+X mappings: passed, no W+X pages found.
[    1.457857] x86/mm: Checking user space page tables
[    1.469340] x86/mm: Checked W+X mappings: passed, no W+X pages found.
Loading, please wait...
starting version 237
[    1.589520] e1000: Intel(R) PRO/1000 Network Driver - version 7.3.21-k8-NAPI
[    1.595776] e1000: Copyright (c) 1999-2006 Intel Corporation.
[    1.603349] Fusion MPT base driver 3.04.20
[    1.607005] Copyright (c) 1999-2008 LSI Corporation
[    1.651915] AVX2 version of gcm_enc/dec engaged.
[    1.656049] AES CTR mode by8 optimization enabled
[    1.675040] Fusion MPT SPI Host driver 3.04.20
[    1.854662] input: ImExPS/2 Generic Explorer Mouse as /devices/platform/i8042/serio1/input/input4
[    2.240363] e1000 0000:00:03.0 eth0: (PCI:33MHz:32-bit) 02:3b:7b:b7:3b:2d
[    2.245083] e1000 0000:00:03.0 eth0: Intel(R) PRO/1000 Network Connection
[    2.250570] mptbase: ioc0: Initiating bringup
[    2.354044] ioc0: LSI53C1030 A0: Capabilities={Initiator}
[    2.599782] scsi host2: ioc0: LSI53C1030 A0, FwRev=00000000h, Ports=1, MaxQ=256, IRQ=20
[    2.774243] scsi 2:0:0:0: Direct-Access     VBOX     HARDDISK         1.0  PQ: 0 ANSI: 5
[    2.782144] scsi target2:0:0: Beginning Domain Validation
[    2.791430] scsi target2:0:0: Domain Validation skipping write tests
[    2.796032] scsi target2:0:0: Ending Domain Validation
[    2.799489] scsi target2:0:0: asynchronous
[    2.803061] scsi 2:0:1:0: Direct-Access     VBOX     HARDDISK         1.0  PQ: 0 ANSI: 5
[    2.808834] scsi target2:0:1: Beginning Domain Validation
[    2.815655] scsi target2:0:1: Domain Validation skipping write tests
[    2.819725] scsi target2:0:1: Ending Domain Validation
[    2.836023] scsi target2:0:1: asynchronous
[    2.977200] sd 2:0:0:0: Attached scsi generic sg0 type 0
[    2.981486] sd 2:0:0:0: [sda] 83886080 512-byte logical blocks: (42.9 GB/40.0 GiB)
[    3.000020] sd 2:0:1:0: [sdb] 20480 512-byte logical blocks: (10.5 MB/10.0 MiB)
[    3.005561] sd 2:0:1:0: Attached scsi generic sg1 type 0
[    3.009393] sd 2:0:1:0: [sdb] Write Protect is off
[    3.013129] sd 2:0:0:0: [sda] Write Protect is off
[    3.016906] sd 2:0:1:0: [sdb] Incomplete mode parameter data
[    3.020659] sd 2:0:1:0: [sdb] Assuming drive cache: write through
[    3.038803] sd 2:0:0:0: [sda] Incomplete mode parameter data
[    3.042751] sd 2:0:0:0: [sda] Assuming drive cache: write through
[    3.056075]  sda: sda1
[    3.059025] sd 2:0:1:0: [sdb] Attached SCSI disk
[    3.063399] sd 2:0:0:0: [sda] Attached SCSI disk
[    3.430960] e1000 0000:00:08.0 eth1: (PCI:33MHz:32-bit) 08:00:27:72:b7:74
[    3.436534] e1000 0000:00:08.0 eth1: Intel(R) PRO/1000 Network Connection
[    3.443282] e1000 0000:00:08.0 enp0s8: renamed from eth1
[    3.459577] e1000 0000:00:03.0 enp0s3: renamed from eth0
Begin: Loading essential drivers ... [    5.712347] raid6: sse2x1   gen() 11858 MB/s
[    5.772331] raid6: sse2x1   xor()  8309 MB/s
[    5.832179] raid6: sse2x2   gen() 14175 MB/s
[    5.892470] raid6: sse2x2   xor()  9922 MB/s
[    5.952927] raid6: sse2x4   gen() 15486 MB/s
[    6.013226] raid6: sse2x4   xor() 10591 MB/s
[    6.072832] raid6: avx2x1   gen() 23235 MB/s
[    6.193466] raid6: avx2x1   xor() 11831 MB/s
[    6.253548] raid6: avx2x2   gen() 28429 MB/s
[    6.313203] raid6: avx2x2   xor() 17853 MB/s
[    6.373427] raid6: avx2x4   gen() 32626 MB/s
[    6.433587] raid6: avx2x4   xor() 18469 MB/s
[    6.439410] raid6: using algorithm avx2x4 gen() 32626 MB/s
[    6.444165] raid6: .... xor() 18469 MB/s, rmw enabled
[    6.448146] raid6: using avx2x2 recovery algorithm
[    6.453132] xor: automatically using best checksumming function   avx       
[    6.460994] async_tx: api initialized (async)
done.
Begin: Running /scripts/init-premount ... done.
Begin: Mounting root file system ... Begin: Running /scripts/local-top ... done.
Begin: Running /scripts/local-premount ... [    6.546967] Btrfs loaded, crc32c=crc32c-intel
Scanning for Btrfs filesystems
done.
Warning: fsck not present, so skipping root file system
[    6.598919] EXT4-fs (sda1): mounted filesystem with ordered data mode. Opts: (null)
done.
Begin: Running /scripts/local-bottom ... done.
Begin: Running /scripts/init-bottom ... done.
[    6.845823] ip_tables: (C) 2000-2006 Netfilter Core Team
[    6.864454] systemd[1]: systemd 237 running in system mode. (+PAM +AUDIT +SELINUX +IMA +APPARMOR +SMACK +SYSVINIT +UTMP +LIBCRYPTSETUP +GCRYPT +GNUTLS +ACL +XZ +LZ4 +SECCOMP +BLKID +ELFUTILS +KMOD -IDN2 +IDN -PCRE2 default-hierarchy=hybrid)
[    6.883513] systemd[1]: Detected virtualization oracle.
[    6.888306] systemd[1]: Detected architecture x86-64.

Welcome to [1mUbuntu 18.04.6 LTS[0m!

[    6.897819] systemd[1]: Set hostname to <ubuntu>.
[    6.908248] systemd[1]: Initializing machine ID from random generator.
[    6.913014] systemd[1]: Installed transient /etc/machine-id file.
[    7.241559] systemd[1]: Reached target System Time Synchronized.
[[0;32m  OK  [0m] Reached target System Time Synchronized.
[    7.249817] systemd[1]: Created slice System Slice.
[[0;32m  OK  [0m] Created slice System Slice.
[    7.256095] systemd[1]: Listening on udev Control Socket.
[[0;32m  OK  [0m] Listening on udev Control Socket.
[    7.262603] systemd[1]: Listening on LVM2 poll daemon socket.
[[0;32m  OK  [0m] Listening on LVM2 poll daemon socket.
[[0;32m  OK  [0m] Listening on Journal Socket.
         Mounting Huge Pages File System...
[[0;32m  OK  [0m] Listening on LVM2 metadata daemon socket.
         Starting Create list of required st…ce nodes for the current kernel...
[[0;32m  OK  [0m] Listening on /dev/initctl Compatibility Named Pipe.
[[0;32m  OK  [0m] Listening on Device-mapper event daemon FIFOs.
[[0;32m  OK  [0m] Listening on fsck to fsckd communication Socket.
[[0;32m  OK  [0m] Started Forward Password Requests to Wall Directory Watch.
[[0;32m  OK  [0m] Listening on Network Service Netlink Socket.
[[0;32m  OK  [0m] Reached target User and Group Name Lookups.
         Starting Load Kernel Modules...
[[0;32m  OK  [0m] Listening on udev Kernel Socket.
         Starting udev Coldplug all Devices...
[[    7.340765] Loading iSCSI transport class v2.0-870.
[0;32m  OK  [0m] Created slice system-serial\x2dgetty.slice.
         Starting Uncomplicated firewall...
         Starting Set the console keyboard layout...
         Mounting POSIX Message Queue File System...
         Mounting Kernel Debug File System...
[[0;32m  OK  [0m] Created slice User and Session Slice.
[    7.393729] iscsi: registered transport (tcp)
[[0;32m  OK  [0m] Reached target Slices.
[[0;32m  OK  [0m] Reached target Mounting snaps.
[[0;32m  OK  [0m] Reached target Mounted snaps.
[[0;32m  OK  [0m] Set up automount Arbitrary Executab…rmats File System Automount Point.
[    7.439082] iscsi: registered transport (iser)
         Starting File System Check on Root Device...
[[0;32m  OK  [0m] Listening on Journal Audit Socket.
         Starting Monitoring of LVM2 mirrors…ng dmeventd or progress polling...
[[0;32m  OK  [0m] Reached target Swap.
[[0;32m  OK  [0m] Listening on Syslog Socket.
[[0;32m  OK  [0m] Listening on Journal Socket (/dev/log).
         Starting Journal Service...
[[0;32m  OK  [0m] Mounted Huge Pages File System.
[[0;32m  OK  [0m] Started Create list of required sta…vice nodes for the current kernel.
[[0;32m  OK  [0m] Started Load Kernel Modules.
[[0;32m  OK  [0m] Started Uncomplicated firewall.
[[0;32m  OK  [0m] Mounted POSIX Message Queue File System.
[[0;32m  OK  [0m] Mounted Kernel Debug File System.
[[0;32m  OK  [0m] Started File System Check Daemon to report status.
         Mounting FUSE Control File System...
         Mounting Kernel Configuration File System...
         Starting Apply Kernel Variables...
         Starting Create Static Device Nodes in /dev...
[[0;32m  OK  [0m] Started LVM2 metadata daemon.
[[0;32m  OK  [0m] Mounted FUSE Control File System.
[[0;32m  OK  [0m] Mounted Kernel Configuration File System.
[[0;32m  OK  [0m] Started File System Check on Root Device.
[[0;32m  OK  [0m] Started udev Coldplug all Devices.
         Starting Remount Root and Kernel File Systems...
[[0;32m  OK  [0m] Started Create Static Device Nodes in /dev.
[[0;32m  OK  [0m] Started Apply Kernel Variables.
[[0;32m  OK  [0m] Started Journal Service.
[[0;32m  OK  [0m] Started Remount Root and Kernel File Systems.
         Starting udev Kernel Device Manager...
         Starting Load/Save Random Seed...
         Starting Flush Journal to Persistent Storage...
[[0;32m  OK  [0m] Started Monitoring of LVM2 mirrors,…sing dmeventd or progress polling.
[[0;32m  OK  [0m] Started udev Kernel Device Manager.
[[0;32m  OK  [0m] Started Load/Save Random Seed.
[[0;32m  OK  [0m] Started Flush Journal to Persistent Storage.
[[0;32m  OK  [0m] Found device /dev/ttyS0.
[[0;32m  OK  [0m] Listening on Load/Save RF Kill Switch Status /dev/rfkill Watch.
         Mounting Arbitrary Executable File Formats File System...
[[0;32m  OK  [0m] Mounted Arbitrary Executable File Formats File System.
[[0;32m  OK  [0m] Started Set the console keyboard layout.
[[0;32m  OK  [0m] Started Dispatch Password Requests to Console Directory Watch.
[[0;32m  OK  [0m] Reached target Local Encrypted Volumes.
[[0;32m  OK  [0m] Reached target Local File Systems (Pre).
[[0;32m  OK  [0m] Reached target Local File Systems.
         Starting Commit a transient machine-id on disk...
         Starting Set console font and keymap...
         Starting Create Volatile Files and Directories...
         Starting AppArmor initialization...
         Starting ebtables ruleset management...
         Starting Tell Plymouth To Write Out Runtime Data...
[[0;32m  OK  [0m] Started Commit a transient machine-id on disk.
[[0;32m  OK  [0m] Started Tell Plymouth To Write Out Runtime Data.
[[0;32m  OK  [0m] Started Create Volatile Files and Directories.
         Starting Update UTMP about System Boot/Shutdown...
[[0;32m  OK  [0m] Started Update UTMP about System Boot/Shutdown.
[[0;32m  OK  [0m] Started ebtables ruleset management.
[[0;32m  OK  [0m] Started AppArmor initialization.
         Starting Load AppArmor profiles managed internally by snapd...
         Starting Initial cloud-init job (pre-networking)...
[[0;32m  OK  [0m] Started Load AppArmor profiles managed internally by snapd.
[[0;32m  OK  [0m] Started Set console font and keymap.
[   15.236489] cloud-init[763]: Cloud-init v. 23.1.2-0ubuntu0~18.04.1 running 'init-local' at Sun, 03 Mar 2024 07:36:59 +0000. Up 14.74 seconds.
[[0;32m  OK  [0m] Started Initial cloud-init job (pre-networking).
[[0;32m  OK  [0m] Reached target Network (Pre).
         Starting Network Service...
[[0;32m  OK  [0m] Started Network Service.
         Starting Wait for Network to be Configured...
         Starting Network Name Resolution...
[[0;32m  OK  [0m] Started Network Name Resolution.
[[0;32m  OK  [0m] Reached target Network.
[[0;32m  OK  [0m] Reached target Host and Network Name Lookups.
[[0;32m  OK  [0m] Started Wait for Network to be Configured.
         Starting Initial cloud-init job (metadata service crawler)...
[   18.075562] cloud-init[881]: Cloud-init v. 23.1.2-0ubuntu0~18.04.1 running 'init' at Sun, 03 Mar 2024 07:37:02 +0000. Up 17.88 seconds.
[   18.086879] cloud-init[881]: ci-info: ++++++++++++++++++++++++++++++++++++++Net device info+++++++++++++++++++++++++++++++++++++++
[   18.097865] cloud-init[881]: ci-info: +--------+-------+----------------------------+---------------+--------+-------------------+
[   18.112845] cloud-init[881]: ci-info: | Device |   Up  |          Address           |      Mask     | Scope  |     Hw-Address    |
[   18.125135] cloud-init[881]: ci-info: +--------+-------+----------------------------+---------------+--------+-------------------+
[   18.135411] cloud-init[881]: ci-info: | enp0s3 |  True |         10.0.2.15          | 255.255.255.0 | global | 02:3b:7b:b7:3b:2d |
[   18.153836] cloud-init[881]: ci-info: | enp0s3 |  True | fe80::3b:7bff:feb7:3b2d/64 |       .       |  link  | 02:3b:7b:b7:3b:2d |
[   18.160992] cloud-init[881]: ci-info: | enp0s8 | False |             .              |       .       |   .    | 08:00:27:72:b7:74 |
[   18.178213] cloud-init[881]: ci-info: |   lo   |  True |         127.0.0.1          |   255.0.0.0   |  host  |         .         |
[   18.188820] cloud-init[881]: ci-info: |   lo   |  True |          ::1/128           |       .       |  host  |         .         |
[   18.200227] cloud-init[881]: ci-info: +--------+-------+----------------------------+---------------+--------+-------------------+
[   18.218224] cloud-init[881]: ci-info: ++++++++++++++++++++++++++++Route IPv4 info+++++++++++++++++++++++++++++
[   18.228483] cloud-init[881]: ci-info: +-------+-------------+----------+-----------------+-----------+-------+
[   18.238823] cloud-init[881]: ci-info: | Route | Destination | Gateway  |     Genmask     | Interface | Flags |
[   18.250059] cloud-init[881]: ci-info: +-------+-------------+----------+-----------------+-----------+-------+
[   18.255618] cloud-init[881]: ci-info: |   0   |   0.0.0.0   | 10.0.2.2 |     0.0.0.0     |   enp0s3  |   UG  |
[   18.264321] cloud-init[881]: ci-info: |   1   |   10.0.2.0  | 0.0.0.0  |  255.255.255.0  |   enp0s3  |   U   |
[   18.282925] cloud-init[881]: ci-info: |   2   |   10.0.2.2  | 0.0.0.0  | 255.255.255.255 |   enp0s3  |   UH  |
[   18.292854] cloud-init[881]: ci-info: +-------+-------------+----------+-----------------+-----------+-------+
[   18.303168] cloud-init[881]: ci-info: +++++++++++++++++++Route IPv6 info+++++++++++++++++++
[   18.312169] cloud-init[881]: ci-info: +-------+-------------+---------+-----------+-------+
[   18.317426] cloud-init[881]: ci-info: | Route | Destination | Gateway | Interface | Flags |
[   18.323882] cloud-init[881]: ci-info: +-------+-------------+---------+-----------+-------+
[   18.330019] cloud-init[881]: ci-info: |   1   |  fe80::/64  |    ::   |   enp0s3  |   U   |
[   18.338707] cloud-init[881]: ci-info: |   3   |    local    |    ::   |   enp0s3  |   U   |
[   18.352120] cloud-init[881]: ci-info: |   4   |   ff00::/8  |    ::   |   enp0s3  |   U   |
[   18.362969] cloud-init[881]: ci-info: +-------+-------------+---------+-----------+-------+
[   19.029551] cloud-init[881]: Generating public/private rsa key pair.
[   19.035058] cloud-init[881]: Your identification has been saved in /etc/ssh/ssh_host_rsa_key.
[   19.045057] cloud-init[881]: Your public key has been saved in /etc/ssh/ssh_host_rsa_key.pub.
[   19.048753] cloud-init[881]: The key fingerprint is:
[   19.065032] cloud-init[881]: SHA256:fBqGPFo1cd1J1NfHl8wA8vUORsIm4zkFMbYwsFZwKBc root@ubuntu-bionic
[   19.070359] cloud-init[881]: The key's randomart image is:
[   19.075082] cloud-init[881]: +---[RSA 2048]----+
[   19.085346] cloud-init[881]: |     E==.*=+.B*+o|
[   19.088827] cloud-init[881]: |   . o+ +==+= ++B|
[   19.095469] cloud-init[881]: |    oo  +.*. o .+|
[   19.105444] cloud-init[881]: |    .. + =  . o  |
[   19.109040] cloud-init[881]: |      = S o    . |
[   19.114857] cloud-init[881]: |     o o +       |
[   19.124955] cloud-init[881]: |    .   .        |
[   19.128578] cloud-init[881]: |                 |
[   19.135260] cloud-init[881]: |                 |
[   19.145219] cloud-init[881]: +----[SHA256]-----+
[   19.148937] cloud-init[881]: Generating public/private dsa key pair.
[[0;32m  OK  [0m] Started Initial cloud-init job (metadata service crawler).
[   19.162861] cloud-init[881]: Your identification has been saved in /etc/ssh/ssh_host_dsa_key.
[   19.167100] cloud-init[881]: Your public key has been saved in /etc/ssh/ssh_host_dsa_key.pub.
[[0;32m  OK  [0m] Reached target Cloud-config availability.
[[0;32m  OK  [0m] Reached target System Initialization.
[   19.179521] cloud-init[881]: The key fingerprint is:
[   19.182487] cloud-init[881]: SHA256:BD+zGHGi7NIENpHfl/STWr7XfXfnfM+2scJqvKO4P3M root@ubuntu-bionic[[0;32m  OK  [0m] Started Ubuntu Advantage Timer for running repeated jobs.
[[0;32m  OK  [0m] Listening on cloud-init hotplug hook socket.

[   19.201217] cloud-init[881]: The key's randomart image is:
         Starting LXD - unix socket.
[   19.213784] cloud-init[881]: +---[DSA 1024]----+
[[0;32m  OK  [0m] Started Discard unused blocks once a week.
[[0;32m  OK  [0m] Started Message of the Day.[   19.228118] cloud-init[881]: |  =o  + .        |
[   19.231514] cloud-init[881]: | ..+ . *.        |

[[0;32m  OK  [0m] Started Daily Cleanup of Temporary Directories.
[[0;32m  OK  [0m] Listening on D-Bus System Message Bus Socket.
[[0;32m  OK  [0m] Listening on ACPID Listen Socket.
         Starting Socket activation for snappy daemon.[   19.257969] cloud-init[881]: |   .+...=o .     |
[   19.261948] cloud-init[881]: |   +. .+o+=      |
[   19.265201] 
[[0;32m  OK  [0m] Listening on UUID daemon activation socket.
[[0;32m  OK  [0m] Listening on Open-iSCSI iscsid Socket.
[[0;32m  OK  [0m] Started ACPI Events Check.
[[0;32m  OK  [0m] Reached target Paths.
[[0;32m  OK  [0m] Started Daily apt download activities.cloud-init[881]: |  . o ..S+ .     |
[   19.290872] cloud-init[881]: |   .    . .      |
[   19.294272] cloud-init
[[0;32m  OK  [0m] Started Daily apt upgrade and clean activities.
[[0;32m  OK  [0m] Reached target Timers.
[[0;32m  OK  [0m] Reached target Network is Online.[881]: |          .... o |
[   19.309093] cloud-init[881]: |        .o.E.o.o@|
[   19.313126] cloud-init[881]: |       ooo*++ .=&|
[   19.316299] cloud-init[881]: +----[SHA256]-----+
[   19.320848] cloud-init[881]: Generating public/private ecdsa key pair.
[   19.324830] 
cloud-init[881]: Your identification has been saved in /etc/ssh/ssh_host_ecdsa_key.[[0;32m  OK  [0m] Reached target Remote File Systems (Pre).
[[0;32m  OK  [0m
[   19.336920] cloud-init[881]: Your public key has been saved in /etc/ssh/ssh_host_ecdsa_key.pub.
[   19.342385] cloud-init[881]: The key fingerprint is:] Reached target Remote File Systems.
         Starting Availability of block devices...
[[0;32m  OK  [0m] Listening on LXD - unix socket.
[   19.357082] cloud-init[881]: SHA256:hx+FvC6MtKZZhpBGskYCHiTjnQclwT+L+X756wOjOrk root@ubuntu-bionic
[   19.363694] cloud-init
[[0;32m  OK  [0m] Listening on Socket activation for snappy daemon.
[[0;32m  OK  [0m] Reached target Sockets.
[[0;32m  OK  [0m] Reached target Basic System.
[881]: The key's randomart image is:
[[0;32m  OK  [0m] Started FUSE filesystem for LXC.
[   19.399243] cloud-init[881]: +---[ECDSA 256]---+
         Starting Accounts Service...
         Starting LSB: Record successful boot for GRUB...
[[0;32m  OK  [0m] Started Deferred execution scheduler.[   19.428890] 
cloud-init         Starting Permit User Sessions...
[881]: |=o.+o.           |
[   19.451070] cloud-init[881]: |=.o.+    . .     |
[   19.456461] cloud-init[881]: |o+.o..    o .    |
[   19.464877]          Starting Snap Daemon...
         Starting Virtualbox guest utils...
cloud-init[881]: |o+ ..o   . o     |
[   19.494732] cloud-init         Starting Pollinate to seed the pseudo random number generator...
         Starting LXD - container startup/shutdown...
[881]: |..+ o + S +      |
[   19.530874] cloud-init[881]: |.. + + * + .     |
[   19.543367] cloud-init[881]: |    + B * o      |
         Starting Dispatcher daemon for systemd-networkd...
[   19.559103] cloud-init[881]: |   o O o o       |
[   19.566348] cloud-init[881]: |   EB.. o+o      |
[   19.581154] cloud-init[881]: +----[SHA256]-----+
[   19.594709] cloud-init[881]: Generating public/private ed25519 key pair.
[   19.608730] cloud-init[881]: Your identification has been saved in /etc/ssh/ssh_host_ed25519_key.
[   19.634544] cloud-init[[0;32m  OK  [0m] Started irqbalance daemon.
         Starting Login Service...
[[0;32m  OK  [0m] Started D-Bus System Message Bus.
[881]: Your public key has been saved in /etc/ssh/ssh_host_ed25519_key.pub.
[   19.711101] cloud-init[881]: The key fingerprint is:
[   19.730940] cloud-init[881]: SHA256:KGAzzEWz51v192JZQGK+Ob+E1GF+E9HxW11fy+u6ZtI root@ubuntu-bionic
[   19.745089] cloud-init[881]: The key's randomart image is:
[   19.765015] cloud-init[881]: +--[ED25519 256]--+
[   19.782908] cloud-init[881]: |   .+       o .o=|
[   19.797188] cloud-init[881]: | o . o     o o. X|
[   19.821655] cloud-init[881]: |  B . .   . . ++=|         Starting System Logging Service...

         Starting LSB: automatic crash report generation...
[   19.845738] cloud-init[881]: | . + o . . . * o=|
[   19.860941] cloud-init[881]: |    . o S   * ++o|
[   19.874388] cloud-init[881]: |     . o   . =.=.|
[   19.885769] cloud-init[881]: |      .     o *..|
[   19.902668] cloud-init[881]: |           . E.o |
[   19.927217] cloud-init[881]: |            +oo  |
[   19.942349] cloud-init[881]: +----[SHA256]-----+
[[0;32m  OK  [0m] Started Regular background program processing daemon.
[[0;32m  OK  [0m] Reached target Login Prompts (Pre).
[[0;32m  OK  [0m] Started System Logging Service.
[[0;32m  OK  [0m] Started Availability of block devices.
[[0;32m  OK  [0m] Started Permit User Sessions.
[[0;32m  OK  [0m] Started LXD - container startup/shutdown.
[[0;32m  OK  [0m] Started Login Service.
         Starting Authorization Manager...
[[0;32m  OK  [0m] Started Unattended Upgrades Shutdown.
         Starting Hold until boot process finishes up...
         Starting Terminate Plymouth Boot Screen...
[[0;32m  OK  [0m] Started Hold until boot process finishes up.
[[0;32m  OK  [0m] Started Serial Getty on ttyS0.
         Starting Set console scheme...
[[0;32m  OK  [0m] Started Terminate Plymouth Boot Screen.
[[0;32m  OK  [0m] Started Set console scheme.
[[0;32m  OK  [0m] Created slice system-getty.slice.
[[0;32m  OK  [0m] Started Getty on tty1.
[[0;32m  OK  [0m] Reached target Login Prompts.
[[0;32m  OK  [0m] Started LSB: automatic crash report generation.
[[0;32m  OK  [0m] Started LSB: Record successful boot for GRUB.
[[0;32m  OK  [0m] Started Authorization Manager.
[[0;32m  OK  [0m] Started Accounts Service.
[[0;32m  OK  [0m] Started Virtualbox guest utils.
[[0;32m  OK  [0m] Started Dispatcher daemon for systemd-networkd.
[[0;32m  OK  [0m] Started Snap Daemon.
         Starting Wait until snapd is fully seeded...
[[0;32m  OK  [0m] Started Pollinate to seed the pseudo random number generator.
         Starting OpenBSD Secure Shell server...
[[0;32m  OK  [0m] Started OpenBSD Secure Shell server.
[[0;32m  OK  [0m] Created slice User Slice of vagrant.
         Starting User Manager for UID 1000...
[[0;32m  OK  [0m] Started Session 1 of user vagrant.
[[0;32m  OK  [0m] Started User Manager for UID 1000.
         Starting Time & Date Service...
[[0;32m  OK  [0m] Started Time & Date Service.
